<?xml version="1.0" encoding="UTF-8" ?>
<testsuite tests="8" failures="0" name="se233.chapter5.CharacterTest" time="4.53" errors="0" skipped="0">
  <properties>
[...]
</properties>
  <testcase classname="se233.chapter5.CharacterTest" name="characterJumpWhenNotOnTheGroundAfterTheUpKeyIsPressed" time="1.253"/>
  <testcase classname="se233.chapter5.CharacterTest" name="character1CollidesWithCharacter2AfterCharacter2LeftKeyIsPressed" time="0.1"/>
  <testcase classname="se233.chapter5.CharacterTest" name="characterMoveRightAtRightSpeedAfterTheRightKeyIsPressed" time="2.541"/>
  <testcase classname="se233.chapter5.CharacterTest" name="character2RespawnedAfterCharacter1Stomped" time="0.546"/>
  <testcase classname="se233.chapter5.CharacterTest" name="characterShouldMoveToTheLeftAfterTheLeftKeyIsPressed" time="0.033"/>
  <testcase classname="se233.chapter5.CharacterTest" name="characterJumpWhenOnTheGroundAfterTheUpKeyIsPressed" time="0.018"/>
  <testcase classname="se233.chapter5.CharacterTest" name="characterInitialValueShouldMatchConstructorArguments" time="0.023"/>
  <testcase classname="se233.chapter5.CharacterTest" name="characterReachGameWallAfterHoldingLeftKey" time="0.016"/>
</testsuite>